2025-10-02 14:34:39,910 - INFO - 
--- Starting run for **num_quantum_layers = 0** (Mode: Classical) ---
2025-10-02 14:34:39,911 - INFO - Initializing model for dataset 'pcam' in classical mode with 0 quantum layers
Traceback (most recent call last):
  File "/gpfs/home3/juliusa/QML-Medicine/src/train.py", line 286, in <module>
    main()
  File "/gpfs/home3/juliusa/QML-Medicine/src/train.py", line 229, in main
    train_loader, val_loader = get_dataloaders(config)
                               ^^^^^^^^^^^^^^^^^^^^^^^
  File "/gpfs/home3/juliusa/QML-Medicine/src/data/datasets.py", line 117, in get_dataloaders
    train_dataset = PCAMDataset(train_x, train_y, transform=transform_train)
                    ^^^^^^^^^^^^^^^^^^^^^^^^^^^^^^^^^^^^^^^^^^^^^^^^^^^^^^^^
  File "/gpfs/home3/juliusa/QML-Medicine/src/data/datasets.py", line 22, in __init__
    self.x_data = h5py.File(x_path, 'r')['x']
                  ^^^^^^^^^^^^^^^^^^^^^^
  File "/gpfs/home3/juliusa/QML-Medicine/venv/lib/python3.12/site-packages/h5py/_hl/files.py", line 564, in __init__
    fid = make_fid(name, mode, userblock_size, fapl, fcpl, swmr=swmr)
          ^^^^^^^^^^^^^^^^^^^^^^^^^^^^^^^^^^^^^^^^^^^^^^^^^^^^^^^^^^^
  File "/gpfs/home3/juliusa/QML-Medicine/venv/lib/python3.12/site-packages/h5py/_hl/files.py", line 238, in make_fid
    fid = h5f.open(name, flags, fapl=fapl)
          ^^^^^^^^^^^^^^^^^^^^^^^^^^^^^^^^
  File "h5py/_objects.pyx", line 56, in h5py._objects.with_phil.wrapper
  File "h5py/_objects.pyx", line 57, in h5py._objects.with_phil.wrapper
  File "h5py/h5f.pyx", line 102, in h5py.h5f.open
FileNotFoundError: [Errno 2] Unable to synchronously open file (unable to open file: name = './src/data/tcga/camelyonpatch_level_2/camelyonpatch_level_2_split_train_x.h5', errno = 2, error message = 'No such file or directory', flags = 0, o_flags = 0)
/gpfs/home3/juliusa/QML-Medicine/venv/lib/python3.12/site-packages/tensorboard/default.py:30: UserWarning: pkg_resources is deprecated as an API. See https://setuptools.pypa.io/en/latest/pkg_resources.html. The pkg_resources package is slated for removal as early as 2025-11-30. Refrain from using this package or pin to Setuptools<81.
  import pkg_resources
TensorFlow installation not found - running with reduced feature set.

NOTE: Using experimental fast data loading logic. To disable, pass
    "--load_fast=false" and report issues on GitHub. More details:
    https://github.com/tensorflow/tensorboard/issues/4784

Serving TensorBoard on localhost; to expose to the network, use a proxy or pass --bind_all
TensorBoard 2.20.0 at http://localhost:6006/ (Press CTRL+C to quit)
[2025-10-02T14:38:31.906] error: *** JOB 15068991 ON gcn60 CANCELLED AT 2025-10-02T14:38:31 DUE to SIGNAL Terminated ***
