2025-10-02 14:27:44,349 - INFO - 
--- Starting run for **num_quantum_layers = 0** (Mode: Classical) ---
2025-10-02 14:27:44,350 - INFO - Initializing model for dataset 'tcga' in classical mode with 0 quantum layers
2025-10-02 14:27:44,664 - INFO - Using Cross-Entropy loss for TCGA.
2025-10-02 14:27:45,749 - INFO - Validation Epoch 0: Loss=2.9031, Accuracy=0.4266
2025-10-02 14:27:46,689 - INFO - Validation Epoch 1: Loss=2.6977, Accuracy=0.5795
2025-10-02 14:27:47,962 - INFO - Validation Epoch 2: Loss=2.5421, Accuracy=0.6402
2025-10-02 14:27:49,205 - INFO - Validation Epoch 3: Loss=2.4025, Accuracy=0.6548
2025-10-02 14:27:49,911 - INFO - Validation Epoch 4: Loss=2.2720, Accuracy=0.6688
2025-10-02 14:27:50,622 - INFO - Validation Epoch 5: Loss=2.1456, Accuracy=0.6810
2025-10-02 14:27:51,324 - INFO - Validation Epoch 6: Loss=2.0253, Accuracy=0.6916
2025-10-02 14:27:52,028 - INFO - Validation Epoch 7: Loss=1.9123, Accuracy=0.6928
2025-10-02 14:27:52,743 - INFO - Validation Epoch 8: Loss=1.8051, Accuracy=0.6997
2025-10-02 14:27:53,445 - INFO - Validation Epoch 9: Loss=1.7070, Accuracy=0.7020
2025-10-02 14:27:54,147 - INFO - Validation Epoch 10: Loss=1.6173, Accuracy=0.7033
2025-10-02 14:27:54,856 - INFO - Validation Epoch 11: Loss=1.5325, Accuracy=0.7123
2025-10-02 14:27:55,557 - INFO - Validation Epoch 12: Loss=1.4558, Accuracy=0.7057
2025-10-02 14:27:56,259 - INFO - Validation Epoch 13: Loss=1.3836, Accuracy=0.7093
2025-10-02 14:27:56,963 - INFO - Validation Epoch 14: Loss=1.3214, Accuracy=0.7102
2025-10-02 14:27:57,661 - INFO - Validation Epoch 15: Loss=1.2611, Accuracy=0.7151
2025-10-02 14:27:58,370 - INFO - Validation Epoch 16: Loss=1.2063, Accuracy=0.7173
2025-10-02 14:27:59,081 - INFO - Validation Epoch 17: Loss=1.1611, Accuracy=0.7261
2025-10-02 14:27:59,783 - INFO - Validation Epoch 18: Loss=1.1145, Accuracy=0.7205
2025-10-02 14:28:00,491 - INFO - Validation Epoch 19: Loss=1.0746, Accuracy=0.7278
2025-10-02 14:28:01,194 - INFO - Validation Epoch 20: Loss=1.0390, Accuracy=0.7259
2025-10-02 14:28:01,906 - INFO - Validation Epoch 21: Loss=1.0065, Accuracy=0.7379
2025-10-02 14:28:02,607 - INFO - Validation Epoch 22: Loss=0.9771, Accuracy=0.7285
2025-10-02 14:28:04,703 - INFO - Validation Epoch 23: Loss=0.9506, Accuracy=0.7350
2025-10-02 14:28:05,412 - INFO - Validation Epoch 24: Loss=0.9264, Accuracy=0.7388
2025-10-02 14:28:06,124 - INFO - Validation Epoch 25: Loss=0.9033, Accuracy=0.7459
2025-10-02 14:28:06,830 - INFO - Validation Epoch 26: Loss=0.8827, Accuracy=0.7433
2025-10-02 14:28:07,536 - INFO - Validation Epoch 27: Loss=0.8669, Accuracy=0.7529
2025-10-02 14:28:08,243 - INFO - Validation Epoch 28: Loss=0.8475, Accuracy=0.7618
2025-10-02 14:28:08,946 - INFO - Validation Epoch 29: Loss=0.8335, Accuracy=0.7581
2025-10-02 14:28:09,651 - INFO - Validation Epoch 30: Loss=0.8199, Accuracy=0.7591
2025-10-02 14:28:10,358 - INFO - Validation Epoch 31: Loss=0.8095, Accuracy=0.7610
2025-10-02 14:28:11,063 - INFO - Validation Epoch 32: Loss=0.7980, Accuracy=0.7551
2025-10-02 14:28:11,773 - INFO - Validation Epoch 33: Loss=0.7890, Accuracy=0.7607
2025-10-02 14:28:12,476 - INFO - Validation Epoch 34: Loss=0.7805, Accuracy=0.7603
2025-10-02 14:28:13,189 - INFO - Validation Epoch 35: Loss=0.7726, Accuracy=0.7650
2025-10-02 14:28:13,899 - INFO - Validation Epoch 36: Loss=0.7673, Accuracy=0.7744
2025-10-02 14:28:14,603 - INFO - Validation Epoch 37: Loss=0.7612, Accuracy=0.7639
2025-10-02 14:28:15,313 - INFO - Validation Epoch 38: Loss=0.7571, Accuracy=0.7802
2025-10-02 14:28:16,025 - INFO - Validation Epoch 39: Loss=0.7531, Accuracy=0.7778
2025-10-02 14:28:16,731 - INFO - Validation Epoch 40: Loss=0.7496, Accuracy=0.7700
2025-10-02 14:28:18,176 - INFO - Validation Epoch 41: Loss=0.7477, Accuracy=0.7812
2025-10-02 14:28:18,888 - INFO - Validation Epoch 42: Loss=0.7449, Accuracy=0.7700
2025-10-02 14:28:19,592 - INFO - Validation Epoch 43: Loss=0.7438, Accuracy=0.7812
2025-10-02 14:28:20,305 - INFO - Validation Epoch 44: Loss=0.7424, Accuracy=0.7708
2025-10-02 14:28:21,019 - INFO - Validation Epoch 45: Loss=0.7413, Accuracy=0.7812
2025-10-02 14:28:21,735 - INFO - Validation Epoch 46: Loss=0.7411, Accuracy=0.7812
2025-10-02 14:28:22,439 - INFO - Validation Epoch 47: Loss=0.7407, Accuracy=0.7812
2025-10-02 14:28:23,142 - INFO - Validation Epoch 48: Loss=0.7405, Accuracy=0.7812
2025-10-02 14:28:23,858 - INFO - Validation Epoch 49: Loss=0.7405, Accuracy=0.7812
2025-10-02 14:28:23,876 - INFO - Losses for run 'tcga_classical_Q0_20251002_142744' have been logged to logs/training_log.csv
2025-10-02 14:28:23,893 - INFO - Model backbone saved to models/model_backbone_tcga_classical_Q0_20251002_142744.pt
2025-10-02 14:28:26,025 - INFO - Latent visualization saved.
2025-10-02 14:28:26,026 - INFO - 
--- Starting run for **num_quantum_layers = 1** (Mode: Hybrid) ---
2025-10-02 14:28:26,026 - INFO - Initializing model for dataset 'tcga' in quantum mode with 1 quantum layers
2025-10-02 14:28:26,163 - INFO - Using Cross-Entropy loss for TCGA.
2025-10-02 14:28:27,765 - INFO - Validation Epoch 0: Loss=3.2731, Accuracy=0.1868
2025-10-02 14:28:29,155 - INFO - Validation Epoch 1: Loss=3.1560, Accuracy=0.2089
2025-10-02 14:28:30,548 - INFO - Validation Epoch 2: Loss=3.0706, Accuracy=0.2411
2025-10-02 14:28:31,934 - INFO - Validation Epoch 3: Loss=2.9983, Accuracy=0.2527
2025-10-02 14:28:34,308 - INFO - Validation Epoch 4: Loss=2.9312, Accuracy=0.2796
2025-10-02 14:28:35,971 - INFO - Validation Epoch 5: Loss=2.8685, Accuracy=0.3108
2025-10-02 14:28:37,407 - INFO - Validation Epoch 6: Loss=2.8050, Accuracy=0.3411
2025-10-02 14:28:38,805 - INFO - Validation Epoch 7: Loss=2.7389, Accuracy=0.3463
2025-10-02 14:28:40,204 - INFO - Validation Epoch 8: Loss=2.6766, Accuracy=0.3442
2025-10-02 14:28:41,606 - INFO - Validation Epoch 9: Loss=2.6127, Accuracy=0.3504
2025-10-02 14:28:43,001 - INFO - Validation Epoch 10: Loss=2.5465, Accuracy=0.3473
2025-10-02 14:28:44,389 - INFO - Validation Epoch 11: Loss=2.4868, Accuracy=0.3557
2025-10-02 14:28:45,781 - INFO - Validation Epoch 12: Loss=2.4275, Accuracy=0.3581
2025-10-02 14:28:47,177 - INFO - Validation Epoch 13: Loss=2.3689, Accuracy=0.3592
2025-10-02 14:28:48,562 - INFO - Validation Epoch 14: Loss=2.3178, Accuracy=0.3744
2025-10-02 14:28:49,950 - INFO - Validation Epoch 15: Loss=2.2681, Accuracy=0.3873
2025-10-02 14:28:51,345 - INFO - Validation Epoch 16: Loss=2.2167, Accuracy=0.3913
2025-10-02 14:28:52,739 - INFO - Validation Epoch 17: Loss=2.1684, Accuracy=0.4115
2025-10-02 14:28:54,140 - INFO - Validation Epoch 18: Loss=2.1232, Accuracy=0.4296
2025-10-02 14:28:55,535 - INFO - Validation Epoch 19: Loss=2.0761, Accuracy=0.4564
2025-10-02 14:28:56,932 - INFO - Validation Epoch 20: Loss=2.0206, Accuracy=0.4708
2025-10-02 14:28:58,322 - INFO - Validation Epoch 21: Loss=1.9747, Accuracy=0.4809
2025-10-02 14:28:59,720 - INFO - Validation Epoch 22: Loss=1.9227, Accuracy=0.4884
2025-10-02 14:29:01,112 - INFO - Validation Epoch 23: Loss=1.8702, Accuracy=0.4968
2025-10-02 14:29:02,502 - INFO - Validation Epoch 24: Loss=1.8287, Accuracy=0.5023
2025-10-02 14:29:05,207 - INFO - Validation Epoch 25: Loss=1.7929, Accuracy=0.5127
2025-10-02 14:29:06,670 - INFO - Validation Epoch 26: Loss=1.7619, Accuracy=0.5218
2025-10-02 14:29:08,063 - INFO - Validation Epoch 27: Loss=1.7318, Accuracy=0.5317
2025-10-02 14:29:09,458 - INFO - Validation Epoch 28: Loss=1.7093, Accuracy=0.5487
2025-10-02 14:29:11,292 - INFO - Validation Epoch 29: Loss=1.6877, Accuracy=0.5716
2025-10-02 14:29:12,980 - INFO - Validation Epoch 30: Loss=1.6705, Accuracy=0.5680
2025-10-02 14:29:15,779 - INFO - Validation Epoch 31: Loss=1.6587, Accuracy=0.5699
2025-10-02 14:29:17,165 - INFO - Validation Epoch 32: Loss=1.6429, Accuracy=0.5669
2025-10-02 14:29:18,574 - INFO - Validation Epoch 33: Loss=1.6302, Accuracy=0.5675
2025-10-02 14:29:19,957 - INFO - Validation Epoch 34: Loss=1.6195, Accuracy=0.5707
2025-10-02 14:29:21,597 - INFO - Validation Epoch 35: Loss=1.6092, Accuracy=0.5689
2025-10-02 14:29:23,929 - INFO - Validation Epoch 36: Loss=1.6020, Accuracy=0.5707
2025-10-02 14:29:25,320 - INFO - Validation Epoch 37: Loss=1.5948, Accuracy=0.5704
2025-10-02 14:29:26,711 - INFO - Validation Epoch 38: Loss=1.5889, Accuracy=0.5688
2025-10-02 14:29:28,097 - INFO - Validation Epoch 39: Loss=1.5850, Accuracy=0.5832
2025-10-02 14:29:29,492 - INFO - Validation Epoch 40: Loss=1.5811, Accuracy=0.5780
2025-10-02 14:29:30,888 - INFO - Validation Epoch 41: Loss=1.5780, Accuracy=0.5832
2025-10-02 14:29:32,278 - INFO - Validation Epoch 42: Loss=1.5764, Accuracy=0.5836
2025-10-02 14:29:33,678 - INFO - Validation Epoch 43: Loss=1.5744, Accuracy=0.5829
2025-10-02 14:29:36,464 - INFO - Validation Epoch 44: Loss=1.5727, Accuracy=0.5832
2025-10-02 14:29:37,864 - INFO - Validation Epoch 45: Loss=1.5721, Accuracy=0.5829
2025-10-02 14:29:39,260 - INFO - Validation Epoch 46: Loss=1.5715, Accuracy=0.5832
2025-10-02 14:29:43,572 - INFO - Validation Epoch 47: Loss=1.5712, Accuracy=0.5832
2025-10-02 14:29:44,974 - INFO - Validation Epoch 48: Loss=1.5710, Accuracy=0.5829
2025-10-02 14:29:46,361 - INFO - Validation Epoch 49: Loss=1.5710, Accuracy=0.5832
2025-10-02 14:29:46,376 - INFO - Losses for run 'tcga_quantum_Q1_20251002_142744' have been logged to logs/training_log.csv
2025-10-02 14:29:46,381 - INFO - Model backbone saved to models/model_backbone_tcga_quantum_Q1_20251002_142744.pt
2025-10-02 14:29:48,550 - INFO - Latent visualization saved.
2025-10-02 14:29:48,552 - INFO - 
--- Starting run for **num_quantum_layers = 2** (Mode: Hybrid) ---
2025-10-02 14:29:48,552 - INFO - Initializing model for dataset 'tcga' in quantum mode with 2 quantum layers
2025-10-02 14:29:48,683 - INFO - Using Cross-Entropy loss for TCGA.
2025-10-02 14:29:50,687 - INFO - Validation Epoch 0: Loss=3.3294, Accuracy=0.2108
2025-10-02 14:29:53,349 - INFO - Validation Epoch 1: Loss=3.2418, Accuracy=0.2966
2025-10-02 14:29:55,184 - INFO - Validation Epoch 2: Loss=3.1837, Accuracy=0.3232
2025-10-02 14:29:57,013 - INFO - Validation Epoch 3: Loss=3.1342, Accuracy=0.3368
2025-10-02 14:29:58,837 - INFO - Validation Epoch 4: Loss=3.0879, Accuracy=0.3399
2025-10-02 14:30:00,673 - INFO - Validation Epoch 5: Loss=3.0447, Accuracy=0.3876
2025-10-02 14:30:02,705 - INFO - Validation Epoch 6: Loss=3.0016, Accuracy=0.4019
2025-10-02 14:30:04,547 - INFO - Validation Epoch 7: Loss=2.9607, Accuracy=0.4281
2025-10-02 14:30:07,054 - INFO - Validation Epoch 8: Loss=2.9199, Accuracy=0.4345
2025-10-02 14:30:08,882 - INFO - Validation Epoch 9: Loss=2.8787, Accuracy=0.4372
2025-10-02 14:30:10,713 - INFO - Validation Epoch 10: Loss=2.8396, Accuracy=0.4443
2025-10-02 14:30:12,553 - INFO - Validation Epoch 11: Loss=2.8012, Accuracy=0.4512
2025-10-02 14:30:14,385 - INFO - Validation Epoch 12: Loss=2.7645, Accuracy=0.4634
2025-10-02 14:30:17,005 - INFO - Validation Epoch 13: Loss=2.7280, Accuracy=0.4702
2025-10-02 14:30:18,844 - INFO - Validation Epoch 14: Loss=2.6926, Accuracy=0.4770
2025-10-02 14:30:20,687 - INFO - Validation Epoch 15: Loss=2.6573, Accuracy=0.4809
2025-10-02 14:30:22,531 - INFO - Validation Epoch 16: Loss=2.6229, Accuracy=0.4846
2025-10-02 14:30:24,401 - INFO - Validation Epoch 17: Loss=2.5888, Accuracy=0.4963
2025-10-02 14:30:26,251 - INFO - Validation Epoch 18: Loss=2.5559, Accuracy=0.5028
2025-10-02 14:30:28,088 - INFO - Validation Epoch 19: Loss=2.5238, Accuracy=0.5017
2025-10-02 14:30:29,938 - INFO - Validation Epoch 20: Loss=2.4947, Accuracy=0.5163
2025-10-02 14:30:31,770 - INFO - Validation Epoch 21: Loss=2.4645, Accuracy=0.5168
2025-10-02 14:30:33,615 - INFO - Validation Epoch 22: Loss=2.4372, Accuracy=0.5169
2025-10-02 14:30:35,462 - INFO - Validation Epoch 23: Loss=2.4094, Accuracy=0.5196
2025-10-02 14:30:37,288 - INFO - Validation Epoch 24: Loss=2.3827, Accuracy=0.5243
2025-10-02 14:30:39,125 - INFO - Validation Epoch 25: Loss=2.3576, Accuracy=0.5313
2025-10-02 14:30:45,047 - INFO - Validation Epoch 26: Loss=2.3317, Accuracy=0.5476
2025-10-02 14:30:46,883 - INFO - Validation Epoch 27: Loss=2.3099, Accuracy=0.5436
2025-10-02 14:30:48,718 - INFO - Validation Epoch 28: Loss=2.2873, Accuracy=0.5291
2025-10-02 14:30:51,048 - INFO - Validation Epoch 29: Loss=2.2683, Accuracy=0.5311
2025-10-02 14:30:54,875 - INFO - Validation Epoch 30: Loss=2.2505, Accuracy=0.5280
2025-10-02 14:30:56,703 - INFO - Validation Epoch 31: Loss=2.2349, Accuracy=0.5286
2025-10-02 14:30:59,326 - INFO - Validation Epoch 32: Loss=2.2207, Accuracy=0.5313
2025-10-02 14:31:01,163 - INFO - Validation Epoch 33: Loss=2.2089, Accuracy=0.5330
2025-10-02 14:31:02,995 - INFO - Validation Epoch 34: Loss=2.1976, Accuracy=0.5387
2025-10-02 14:31:04,844 - INFO - Validation Epoch 35: Loss=2.1885, Accuracy=0.5403
2025-10-02 14:31:06,681 - INFO - Validation Epoch 36: Loss=2.1799, Accuracy=0.5405
2025-10-02 14:31:08,521 - INFO - Validation Epoch 37: Loss=2.1728, Accuracy=0.5460
2025-10-02 14:31:10,976 - INFO - Validation Epoch 38: Loss=2.1667, Accuracy=0.5467
2025-10-02 14:31:14,991 - INFO - Validation Epoch 39: Loss=2.1613, Accuracy=0.5460
2025-10-02 14:31:17,240 - INFO - Validation Epoch 40: Loss=2.1575, Accuracy=0.5467
2025-10-02 14:31:19,073 - INFO - Validation Epoch 41: Loss=2.1538, Accuracy=0.5473
2025-10-02 14:31:21,552 - INFO - Validation Epoch 42: Loss=2.1516, Accuracy=0.5493
2025-10-02 14:31:24,732 - INFO - Validation Epoch 43: Loss=2.1493, Accuracy=0.5493
2025-10-02 14:31:26,570 - INFO - Validation Epoch 44: Loss=2.1479, Accuracy=0.5519
2025-10-02 14:31:28,588 - INFO - Validation Epoch 45: Loss=2.1468, Accuracy=0.5519
2025-10-02 14:31:30,424 - INFO - Validation Epoch 46: Loss=2.1462, Accuracy=0.5519
2025-10-02 14:31:32,265 - INFO - Validation Epoch 47: Loss=2.1458, Accuracy=0.5519
2025-10-02 14:31:34,108 - INFO - Validation Epoch 48: Loss=2.1456, Accuracy=0.5519
2025-10-02 14:31:35,948 - INFO - Validation Epoch 49: Loss=2.1456, Accuracy=0.5519
2025-10-02 14:31:35,961 - INFO - Losses for run 'tcga_quantum_Q2_20251002_142744' have been logged to logs/training_log.csv
2025-10-02 14:31:35,964 - INFO - Model backbone saved to models/model_backbone_tcga_quantum_Q2_20251002_142744.pt
2025-10-02 14:31:38,217 - INFO - Latent visualization saved.
2025-10-02 14:31:38,218 - INFO - 
--- Starting run for **num_quantum_layers = 3** (Mode: Hybrid) ---
2025-10-02 14:31:38,218 - INFO - Initializing model for dataset 'tcga' in quantum mode with 3 quantum layers
2025-10-02 14:31:38,350 - INFO - Using Cross-Entropy loss for TCGA.
2025-10-02 14:31:41,915 - INFO - Validation Epoch 0: Loss=3.3047, Accuracy=0.1736
2025-10-02 14:31:45,548 - INFO - Validation Epoch 1: Loss=3.2171, Accuracy=0.2097
2025-10-02 14:31:47,825 - INFO - Validation Epoch 2: Loss=3.1563, Accuracy=0.2569
2025-10-02 14:31:50,704 - INFO - Validation Epoch 3: Loss=3.1044, Accuracy=0.2906
2025-10-02 14:31:53,454 - INFO - Validation Epoch 4: Loss=3.0597, Accuracy=0.3024
2025-10-02 14:31:55,731 - INFO - Validation Epoch 5: Loss=3.0173, Accuracy=0.3284
2025-10-02 14:31:58,006 - INFO - Validation Epoch 6: Loss=2.9768, Accuracy=0.3473
2025-10-02 14:32:00,284 - INFO - Validation Epoch 7: Loss=2.9380, Accuracy=0.3811
2025-10-02 14:32:02,570 - INFO - Validation Epoch 8: Loss=2.9009, Accuracy=0.3883
2025-10-02 14:32:04,852 - INFO - Validation Epoch 9: Loss=2.8644, Accuracy=0.4051
2025-10-02 14:32:07,135 - INFO - Validation Epoch 10: Loss=2.8293, Accuracy=0.4186
2025-10-02 14:32:09,401 - INFO - Validation Epoch 11: Loss=2.7947, Accuracy=0.4253
2025-10-02 14:32:12,679 - INFO - Validation Epoch 12: Loss=2.7605, Accuracy=0.4293
2025-10-02 14:32:14,974 - INFO - Validation Epoch 13: Loss=2.7264, Accuracy=0.4410
2025-10-02 14:32:17,258 - INFO - Validation Epoch 14: Loss=2.6921, Accuracy=0.4482
2025-10-02 14:32:19,638 - INFO - Validation Epoch 15: Loss=2.6564, Accuracy=0.4559
2025-10-02 14:32:21,943 - INFO - Validation Epoch 16: Loss=2.6226, Accuracy=0.4706
2025-10-02 14:32:24,419 - INFO - Validation Epoch 17: Loss=2.5906, Accuracy=0.4851
2025-10-02 14:32:26,700 - INFO - Validation Epoch 18: Loss=2.5584, Accuracy=0.4869
2025-10-02 14:32:28,971 - INFO - Validation Epoch 19: Loss=2.5268, Accuracy=0.4943
2025-10-02 14:32:31,252 - INFO - Validation Epoch 20: Loss=2.4972, Accuracy=0.4938
2025-10-02 14:32:33,549 - INFO - Validation Epoch 21: Loss=2.4705, Accuracy=0.5203
2025-10-02 14:32:35,846 - INFO - Validation Epoch 22: Loss=2.4430, Accuracy=0.5318
2025-10-02 14:32:38,126 - INFO - Validation Epoch 23: Loss=2.4171, Accuracy=0.5451
2025-10-02 14:32:40,401 - INFO - Validation Epoch 24: Loss=2.3933, Accuracy=0.5422
2025-10-02 14:32:43,437 - INFO - Validation Epoch 25: Loss=2.3691, Accuracy=0.5342
2025-10-02 14:32:47,189 - INFO - Validation Epoch 26: Loss=2.3485, Accuracy=0.5385
2025-10-02 14:32:49,468 - INFO - Validation Epoch 27: Loss=2.3283, Accuracy=0.5343
2025-10-02 14:32:52,483 - INFO - Validation Epoch 28: Loss=2.3095, Accuracy=0.5327
2025-10-02 14:32:54,809 - INFO - Validation Epoch 29: Loss=2.2929, Accuracy=0.5282
2025-10-02 14:32:57,127 - INFO - Validation Epoch 30: Loss=2.2760, Accuracy=0.5304
2025-10-02 14:32:59,465 - INFO - Validation Epoch 31: Loss=2.2613, Accuracy=0.5288
2025-10-02 14:33:01,795 - INFO - Validation Epoch 32: Loss=2.2487, Accuracy=0.5271
2025-10-02 14:33:04,091 - INFO - Validation Epoch 33: Loss=2.2354, Accuracy=0.5247
2025-10-02 14:33:06,392 - INFO - Validation Epoch 34: Loss=2.2246, Accuracy=0.5251
2025-10-02 14:33:08,696 - INFO - Validation Epoch 35: Loss=2.2137, Accuracy=0.5252
2025-10-02 14:33:11,040 - INFO - Validation Epoch 36: Loss=2.2046, Accuracy=0.5280
2025-10-02 14:33:15,631 - INFO - Validation Epoch 37: Loss=2.1970, Accuracy=0.5286
2025-10-02 14:33:17,903 - INFO - Validation Epoch 38: Loss=2.1900, Accuracy=0.5285
2025-10-02 14:33:20,178 - INFO - Validation Epoch 39: Loss=2.1849, Accuracy=0.5298
2025-10-02 14:33:22,452 - INFO - Validation Epoch 40: Loss=2.1799, Accuracy=0.5292
2025-10-02 14:33:24,726 - INFO - Validation Epoch 41: Loss=2.1762, Accuracy=0.5327
2025-10-02 14:33:26,983 - INFO - Validation Epoch 42: Loss=2.1730, Accuracy=0.5335
2025-10-02 14:33:29,315 - INFO - Validation Epoch 43: Loss=2.1706, Accuracy=0.5327
2025-10-02 14:33:31,589 - INFO - Validation Epoch 44: Loss=2.1686, Accuracy=0.5363
2025-10-02 14:33:33,853 - INFO - Validation Epoch 45: Loss=2.1667, Accuracy=0.5362
2025-10-02 14:33:36,105 - INFO - Validation Epoch 46: Loss=2.1658, Accuracy=0.5370
2025-10-02 14:33:38,566 - INFO - Validation Epoch 47: Loss=2.1653, Accuracy=0.5370
2025-10-02 14:33:40,839 - INFO - Validation Epoch 48: Loss=2.1651, Accuracy=0.5370
2025-10-02 14:33:43,266 - INFO - Validation Epoch 49: Loss=2.1650, Accuracy=0.5370
2025-10-02 14:33:43,279 - INFO - Losses for run 'tcga_quantum_Q3_20251002_142744' have been logged to logs/training_log.csv
2025-10-02 14:33:43,283 - INFO - Model backbone saved to models/model_backbone_tcga_quantum_Q3_20251002_142744.pt
2025-10-02 14:33:45,555 - INFO - Latent visualization saved.
2025-10-02 14:33:45,557 - INFO - 
--- Starting run for **num_quantum_layers = 4** (Mode: Hybrid) ---
2025-10-02 14:33:45,557 - INFO - Initializing model for dataset 'tcga' in quantum mode with 4 quantum layers
2025-10-02 14:33:45,693 - INFO - Using Cross-Entropy loss for TCGA.
2025-10-02 14:33:48,973 - INFO - Validation Epoch 0: Loss=3.2550, Accuracy=0.1593
2025-10-02 14:33:51,833 - INFO - Validation Epoch 1: Loss=3.1663, Accuracy=0.1840
2025-10-02 14:33:54,539 - INFO - Validation Epoch 2: Loss=3.1065, Accuracy=0.2376
2025-10-02 14:33:57,256 - INFO - Validation Epoch 3: Loss=3.0544, Accuracy=0.2629
2025-10-02 14:33:59,968 - INFO - Validation Epoch 4: Loss=3.0066, Accuracy=0.2968
2025-10-02 14:34:02,674 - INFO - Validation Epoch 5: Loss=2.9622, Accuracy=0.3015
2025-10-02 14:34:05,388 - INFO - Validation Epoch 6: Loss=2.9206, Accuracy=0.3085
2025-10-02 14:34:08,104 - INFO - Validation Epoch 7: Loss=2.8806, Accuracy=0.3176
2025-10-02 14:34:10,813 - INFO - Validation Epoch 8: Loss=2.8423, Accuracy=0.3255
2025-10-02 14:34:15,165 - INFO - Validation Epoch 9: Loss=2.8047, Accuracy=0.3320
2025-10-02 14:34:19,048 - INFO - Validation Epoch 10: Loss=2.7687, Accuracy=0.3382
2025-10-02 14:34:21,760 - INFO - Validation Epoch 11: Loss=2.7339, Accuracy=0.3408
2025-10-02 14:34:24,479 - INFO - Validation Epoch 12: Loss=2.7010, Accuracy=0.3578
2025-10-02 14:34:27,193 - INFO - Validation Epoch 13: Loss=2.6704, Accuracy=0.3591
2025-10-02 14:34:29,905 - INFO - Validation Epoch 14: Loss=2.6392, Accuracy=0.3672
2025-10-02 14:34:32,628 - INFO - Validation Epoch 15: Loss=2.6101, Accuracy=0.3751
2025-10-02 14:34:35,359 - INFO - Validation Epoch 16: Loss=2.5813, Accuracy=0.3776
2025-10-02 14:34:38,128 - INFO - Validation Epoch 17: Loss=2.5549, Accuracy=0.3811
2025-10-02 14:34:40,874 - INFO - Validation Epoch 18: Loss=2.5292, Accuracy=0.3826
2025-10-02 14:34:44,297 - INFO - Validation Epoch 19: Loss=2.5052, Accuracy=0.3845
2025-10-02 14:34:47,728 - INFO - Validation Epoch 20: Loss=2.4840, Accuracy=0.3851
2025-10-02 14:34:50,936 - INFO - Validation Epoch 21: Loss=2.4631, Accuracy=0.3852
2025-10-02 14:34:53,783 - INFO - Validation Epoch 22: Loss=2.4436, Accuracy=0.3874
2025-10-02 14:34:56,605 - INFO - Validation Epoch 23: Loss=2.4253, Accuracy=0.3881
2025-10-02 14:34:59,393 - INFO - Validation Epoch 24: Loss=2.4089, Accuracy=0.3918
2025-10-02 14:35:02,160 - INFO - Validation Epoch 25: Loss=2.3923, Accuracy=0.3956
2025-10-02 14:35:04,939 - INFO - Validation Epoch 26: Loss=2.3777, Accuracy=0.3992
2025-10-02 14:35:07,906 - INFO - Validation Epoch 27: Loss=2.3637, Accuracy=0.4055
2025-10-02 14:35:10,695 - INFO - Validation Epoch 28: Loss=2.3517, Accuracy=0.4101
2025-10-02 14:35:13,528 - INFO - Validation Epoch 29: Loss=2.3401, Accuracy=0.4135
2025-10-02 14:35:16,244 - INFO - Validation Epoch 30: Loss=2.3296, Accuracy=0.4243
2025-10-02 14:35:19,233 - INFO - Validation Epoch 31: Loss=2.3202, Accuracy=0.4257
2025-10-02 14:35:22,367 - INFO - Validation Epoch 32: Loss=2.3113, Accuracy=0.4311
2025-10-02 14:35:25,616 - INFO - Validation Epoch 33: Loss=2.3038, Accuracy=0.4321
2025-10-02 14:35:28,462 - INFO - Validation Epoch 34: Loss=2.2966, Accuracy=0.4365
2025-10-02 14:35:31,309 - INFO - Validation Epoch 35: Loss=2.2906, Accuracy=0.4422
2025-10-02 14:35:34,055 - INFO - Validation Epoch 36: Loss=2.2854, Accuracy=0.4467
2025-10-02 14:35:37,280 - INFO - Validation Epoch 37: Loss=2.2806, Accuracy=0.4476
2025-10-02 14:35:40,058 - INFO - Validation Epoch 38: Loss=2.2766, Accuracy=0.4547
2025-10-02 14:35:42,829 - INFO - Validation Epoch 39: Loss=2.2731, Accuracy=0.4591
2025-10-02 14:35:45,741 - INFO - Validation Epoch 40: Loss=2.2704, Accuracy=0.4592
2025-10-02 14:35:48,486 - INFO - Validation Epoch 41: Loss=2.2683, Accuracy=0.4605
2025-10-02 14:35:51,335 - INFO - Validation Epoch 42: Loss=2.2664, Accuracy=0.4605
2025-10-02 14:35:54,215 - INFO - Validation Epoch 43: Loss=2.2648, Accuracy=0.4629
2025-10-02 14:35:57,004 - INFO - Validation Epoch 44: Loss=2.2639, Accuracy=0.4629
2025-10-02 14:35:59,751 - INFO - Validation Epoch 45: Loss=2.2631, Accuracy=0.4629
2025-10-02 14:36:02,526 - INFO - Validation Epoch 46: Loss=2.2628, Accuracy=0.4629
2025-10-02 14:36:05,310 - INFO - Validation Epoch 47: Loss=2.2625, Accuracy=0.4629
2025-10-02 14:36:08,094 - INFO - Validation Epoch 48: Loss=2.2624, Accuracy=0.4629
2025-10-02 14:36:10,891 - INFO - Validation Epoch 49: Loss=2.2623, Accuracy=0.4629
2025-10-02 14:36:10,906 - INFO - Losses for run 'tcga_quantum_Q4_20251002_142744' have been logged to logs/training_log.csv
2025-10-02 14:36:10,910 - INFO - Model backbone saved to models/model_backbone_tcga_quantum_Q4_20251002_142744.pt
2025-10-02 14:36:13,156 - INFO - Latent visualization saved.
2025-10-02 14:36:13,158 - INFO - 
--- Starting run for **num_quantum_layers = 5** (Mode: Hybrid) ---
2025-10-02 14:36:13,158 - INFO - Initializing model for dataset 'tcga' in quantum mode with 5 quantum layers
2025-10-02 14:36:13,295 - INFO - Using Cross-Entropy loss for TCGA.
2025-10-02 14:36:16,655 - INFO - Validation Epoch 0: Loss=3.3344, Accuracy=0.1393
2025-10-02 14:36:20,025 - INFO - Validation Epoch 1: Loss=3.2488, Accuracy=0.1877
2025-10-02 14:36:23,396 - INFO - Validation Epoch 2: Loss=3.1876, Accuracy=0.2672
2025-10-02 14:36:26,778 - INFO - Validation Epoch 3: Loss=3.1356, Accuracy=0.3101
2025-10-02 14:36:30,173 - INFO - Validation Epoch 4: Loss=3.0882, Accuracy=0.3388
2025-10-02 14:36:33,467 - INFO - Validation Epoch 5: Loss=3.0435, Accuracy=0.3879
2025-10-02 14:36:37,788 - INFO - Validation Epoch 6: Loss=3.0009, Accuracy=0.4178
2025-10-02 14:36:41,073 - INFO - Validation Epoch 7: Loss=2.9607, Accuracy=0.4307
2025-10-02 14:36:44,372 - INFO - Validation Epoch 8: Loss=2.9229, Accuracy=0.4715
2025-10-02 14:36:48,357 - INFO - Validation Epoch 9: Loss=2.8855, Accuracy=0.5019
2025-10-02 14:36:52,145 - INFO - Validation Epoch 10: Loss=2.8496, Accuracy=0.5281
2025-10-02 14:36:55,315 - INFO - Validation Epoch 11: Loss=2.8148, Accuracy=0.5354
2025-10-02 14:36:58,503 - INFO - Validation Epoch 12: Loss=2.7822, Accuracy=0.5506
2025-10-02 14:37:01,738 - INFO - Validation Epoch 13: Loss=2.7496, Accuracy=0.5622
2025-10-02 14:37:04,969 - INFO - Validation Epoch 14: Loss=2.7188, Accuracy=0.5696
2025-10-02 14:37:08,268 - INFO - Validation Epoch 15: Loss=2.6890, Accuracy=0.5963
2025-10-02 14:37:11,526 - INFO - Validation Epoch 16: Loss=2.6605, Accuracy=0.5971
2025-10-02 14:37:14,759 - INFO - Validation Epoch 17: Loss=2.6337, Accuracy=0.5964
2025-10-02 14:37:17,978 - INFO - Validation Epoch 18: Loss=2.6073, Accuracy=0.5943
2025-10-02 14:37:21,180 - INFO - Validation Epoch 19: Loss=2.5837, Accuracy=0.5923
2025-10-02 14:37:24,406 - INFO - Validation Epoch 20: Loss=2.5605, Accuracy=0.5984
2025-10-02 14:37:27,647 - INFO - Validation Epoch 21: Loss=2.5391, Accuracy=0.5897
2025-10-02 14:37:30,885 - INFO - Validation Epoch 22: Loss=2.5204, Accuracy=0.5865
2025-10-02 14:37:34,204 - INFO - Validation Epoch 23: Loss=2.5008, Accuracy=0.5879
2025-10-02 14:37:37,437 - INFO - Validation Epoch 24: Loss=2.4834, Accuracy=0.5846
2025-10-02 14:37:40,722 - INFO - Validation Epoch 25: Loss=2.4667, Accuracy=0.5870
2025-10-02 14:37:44,041 - INFO - Validation Epoch 26: Loss=2.4520, Accuracy=0.5870
2025-10-02 14:37:47,246 - INFO - Validation Epoch 27: Loss=2.4381, Accuracy=0.5878
2025-10-02 14:37:50,625 - INFO - Validation Epoch 28: Loss=2.4246, Accuracy=0.5886
2025-10-02 14:37:53,786 - INFO - Validation Epoch 29: Loss=2.4131, Accuracy=0.5836
2025-10-02 14:37:56,949 - INFO - Validation Epoch 30: Loss=2.4019, Accuracy=0.5892
2025-10-02 14:38:00,218 - INFO - Validation Epoch 31: Loss=2.3917, Accuracy=0.5833
2025-10-02 14:38:03,382 - INFO - Validation Epoch 32: Loss=2.3831, Accuracy=0.5812
2025-10-02 14:38:06,728 - INFO - Validation Epoch 33: Loss=2.3744, Accuracy=0.5822
2025-10-02 14:38:09,889 - INFO - Validation Epoch 34: Loss=2.3672, Accuracy=0.5812
2025-10-02 14:38:13,027 - INFO - Validation Epoch 35: Loss=2.3609, Accuracy=0.5822
2025-10-02 14:38:17,188 - INFO - Validation Epoch 36: Loss=2.3553, Accuracy=0.5807
2025-10-02 14:38:20,363 - INFO - Validation Epoch 37: Loss=2.3506, Accuracy=0.5797
2025-10-02 14:38:23,508 - INFO - Validation Epoch 38: Loss=2.3459, Accuracy=0.5797
2025-10-02 14:38:26,668 - INFO - Validation Epoch 39: Loss=2.3423, Accuracy=0.5797
2025-10-02 14:38:29,853 - INFO - Validation Epoch 40: Loss=2.3391, Accuracy=0.5797
2025-10-02 14:38:32,999 - INFO - Validation Epoch 41: Loss=2.3368, Accuracy=0.5797
2025-10-02 14:38:36,160 - INFO - Validation Epoch 42: Loss=2.3348, Accuracy=0.5797
2025-10-02 14:38:39,320 - INFO - Validation Epoch 43: Loss=2.3333, Accuracy=0.5797
2025-10-02 14:38:42,471 - INFO - Validation Epoch 44: Loss=2.3322, Accuracy=0.5783
2025-10-02 14:38:45,623 - INFO - Validation Epoch 45: Loss=2.3315, Accuracy=0.5783
2025-10-02 14:38:49,981 - INFO - Validation Epoch 46: Loss=2.3310, Accuracy=0.5783
2025-10-02 14:38:53,128 - INFO - Validation Epoch 47: Loss=2.3308, Accuracy=0.5783
2025-10-02 14:38:56,275 - INFO - Validation Epoch 48: Loss=2.3306, Accuracy=0.5783
2025-10-02 14:38:59,420 - INFO - Validation Epoch 49: Loss=2.3306, Accuracy=0.5783
2025-10-02 14:38:59,433 - INFO - Losses for run 'tcga_quantum_Q5_20251002_142744' have been logged to logs/training_log.csv
2025-10-02 14:38:59,436 - INFO - Model backbone saved to models/model_backbone_tcga_quantum_Q5_20251002_142744.pt
2025-10-02 14:39:01,629 - INFO - Latent visualization saved.
2025-10-02 14:39:01,630 - INFO - 
====================================
2025-10-02 14:39:01,630 - INFO - All training runs complete.
2025-10-02 14:39:01,630 - INFO - ====================================
2025-10-02 14:39:01,630 - INFO - Losses collected for 6 runs: [0, 1, 2, 3, 4, 5] quantum layers.
2025-10-02 14:39:01,631 - INFO - Generating aggregate loss plot and saving to results/aggregate_loss_plot_tcga_20251002_142744.png
2025-10-02 14:39:01,872 - INFO - Aggregate loss plot successfully saved to: results/aggregate_loss_plot_tcga_20251002_142744.png
